<?xml version="1.0" encoding="UTF-8"?>
<!-- Generated by org.testng.reporters.JUnitXMLReporter -->
<testsuite ignored="0" hostname="DESKTOP-VEKGV87" failures="0" tests="10" name="Default test" time="158.316" errors="0" timestamp="2024-06-12T19:45:35 IST">
  <testcase classname="TESTPACKAGE.TestClass" name="categoriesphoneclick" time="8.821"/>
  <testcase classname="TESTPACKAGE.TestClass" name="listofphone" time="30.903"/>
  <testcase classname="TESTPACKAGE.TestClass" name="listofiphone" time="13.619"/>
  <testcase classname="TESTPACKAGE.TestClass" name="carclick" time="10.408"/>
  <testcase classname="TESTPACKAGE.TestClass" name="logo" time="9.296"/>
  <testcase classname="TESTPACKAGE.TestClass" name="motorcycle" time="0.57"/>
  <testcase classname="TESTPACKAGE.TestClass" name="scooterclick" time="43.062"/>
  <testcase classname="TESTPACKAGE.TestClass" name="menulist" time="0.115"/>
  <testcase classname="TESTPACKAGE.TestClass" name="location" time="25.32"/>
  <testcase classname="TESTPACKAGE.TestClass" name="screenshot" time="0.879"/>
</testsuite> <!-- Default test -->
